Configuring pipes-4.1.9...
Building pipes-4.1.9...
Preprocessing library pipes-4.1.9...
[1 of 6] Compiling Pipes.Internal   ( src/Pipes/Internal.hs, .stack-work/dist/x86_64-osx/Cabal-1.24.0.0/build/Pipes/Internal.o )

src/Pipes/Internal.hs:44:1: warning: [-Wdeprecations]
    Module ‘Control.Monad.Error’ is deprecated:
      Use Control.Monad.Except instead

src/Pipes/Internal.hs:106:5: warning: [-Winline-rule-shadowing]
    Rule "_bind (Request a' k) f" may never fire
      because ‘_bind’ might inline first
    Probable fix: add an INLINE[n] or NOINLINE[n] pragma for ‘_bind’

src/Pipes/Internal.hs:108:5: warning: [-Winline-rule-shadowing]
    Rule "_bind (Respond b  k) f" may never fire
      because ‘_bind’ might inline first
    Probable fix: add an INLINE[n] or NOINLINE[n] pragma for ‘_bind’

src/Pipes/Internal.hs:110:5: warning: [-Winline-rule-shadowing]
    Rule "_bind (M          m) f" may never fire
      because ‘_bind’ might inline first
    Probable fix: add an INLINE[n] or NOINLINE[n] pragma for ‘_bind’

src/Pipes/Internal.hs:112:5: warning: [-Winline-rule-shadowing]
    Rule "_bind (Pure    r   ) f" may never fire
      because ‘_bind’ might inline first
    Probable fix: add an INLINE[n] or NOINLINE[n] pragma for ‘_bind’
[2 of 6] Compiling Pipes.Core       ( src/Pipes/Core.hs, .stack-work/dist/x86_64-osx/Cabal-1.24.0.0/build/Pipes/Core.o )

src/Pipes/Core.hs:281:1: warning: [-Wredundant-constraints]
    • Redundant constraint: Monad m
    • In the type signature for:
           respond :: Monad m => a -> Proxy x' x a' a m a'

src/Pipes/Core.hs:413:1: warning: [-Wredundant-constraints]
    • Redundant constraint: Monad m
    • In the type signature for:
           request :: Monad m => a' -> Proxy a' a y' y m a

src/Pipes/Core.hs:531:1: warning: [-Wredundant-constraints]
    • Redundant constraint: Monad m
    • In the type signature for:
           push :: Monad m => a -> Proxy a' a a' a m r

src/Pipes/Core.hs:641:1: warning: [-Wredundant-constraints]
    • Redundant constraint: Monad m
    • In the type signature for:
           pull :: Monad m => a' -> Proxy a' a a' a m r
[3 of 6] Compiling Pipes.Lift       ( src/Pipes/Lift.hs, .stack-work/dist/x86_64-osx/Cabal-1.24.0.0/build/Pipes/Lift.o )

src/Pipes/Lift.hs:50:1: warning: [-Wdeprecations]
    Module ‘Control.Monad.Trans.Error’ is deprecated:
      Use Control.Monad.Trans.Except instead

src/Pipes/Lift.hs:81:18: warning: [-Wdeprecations]
    In the use of type constructor or class ‘Error’
    (imported from Control.Monad.Trans.Error):
    Deprecated: "Use Control.Monad.Trans.Except instead"

src/Pipes/Lift.hs:83:25: warning: [-Wdeprecations]
    In the use of type constructor or class ‘ErrorT’
    (imported from Control.Monad.Trans.Error):
    Deprecated: "Use Control.Monad.Trans.Except instead"

src/Pipes/Lift.hs:86:12: warning: [-Wdeprecations]
    In the use of data constructor ‘ErrorT’
    (imported from Control.Monad.Trans.Error):
    Deprecated: "Use Control.Monad.Trans.Except instead"

src/Pipes/Lift.hs:91:18: warning: [-Wdeprecations]
    In the use of type constructor or class ‘Error’
    (imported from Control.Monad.Trans.Error):
    Deprecated: "Use Control.Monad.Trans.Except instead"

src/Pipes/Lift.hs:92:25: warning: [-Wdeprecations]
    In the use of type constructor or class ‘ErrorT’
    (imported from Control.Monad.Trans.Error):
    Deprecated: "Use Control.Monad.Trans.Except instead"

src/Pipes/Lift.hs:94:16: warning: [-Wdeprecations]
    In the use of ‘runErrorT’
    (imported from Control.Monad.Trans.Error):
    Deprecated: "Use Control.Monad.Trans.Except instead"

src/Pipes/Lift.hs:99:18: warning: [-Wdeprecations]
    In the use of type constructor or class ‘Error’
    (imported from Control.Monad.Trans.Error):
    Deprecated: "Use Control.Monad.Trans.Except instead"

src/Pipes/Lift.hs:100:25: warning: [-Wdeprecations]
    In the use of type constructor or class ‘ErrorT’
    (imported from Control.Monad.Trans.Error):
    Deprecated: "Use Control.Monad.Trans.Except instead"

src/Pipes/Lift.hs:102:31: warning: [-Wdeprecations]
    In the use of type constructor or class ‘ErrorT’
    (imported from Control.Monad.Trans.Error):
    Deprecated: "Use Control.Monad.Trans.Except instead"

src/Pipes/Lift.hs:104:25: warning: [-Wdeprecations]
    In the use of type constructor or class ‘ErrorT’
    (imported from Control.Monad.Trans.Error):
    Deprecated: "Use Control.Monad.Trans.Except instead"

src/Pipes/Lift.hs:105:27: warning: [-Wdeprecations]
    In the use of ‘runErrorT’
    (imported from Control.Monad.Trans.Error):
    Deprecated: "Use Control.Monad.Trans.Except instead"

src/Pipes/Lift.hs:106:5: warning: [-Wdeprecations]
    In the use of ‘catchError’
    (imported from Control.Monad.Trans.Error):
    Deprecated: "Use Control.Monad.Trans.Except instead"
[4 of 6] Compiling Pipes            ( src/Pipes.hs, .stack-work/dist/x86_64-osx/Cabal-1.24.0.0/build/Pipes.o )

src/Pipes.hs:69:1: warning: [-Wdeprecations]
    Module ‘Control.Monad.Error’ is deprecated:
      Use Control.Monad.Except instead

src/Pipes.hs:75:1: warning: [-Wdeprecations]
    Module ‘Control.Monad.Trans.Error’ is deprecated:
      Use Control.Monad.Trans.Except instead

src/Pipes.hs:523:22: warning: [-Wdeprecations]
    In the use of type constructor or class ‘ErrorT’
    (imported from Control.Monad.Trans.Error):
    Deprecated: "Use Control.Monad.Trans.Except instead"

src/Pipes.hs:525:21: warning: [-Wdeprecations]
    In the use of ‘runErrorT’
    (imported from Control.Monad.Trans.Error):
    Deprecated: "Use Control.Monad.Trans.Except instead"
[5 of 6] Compiling Pipes.Prelude    ( src/Pipes/Prelude.hs, .stack-work/dist/x86_64-osx/Cabal-1.24.0.0/build/Pipes/Prelude.o )

src/Pipes/Prelude.hs:418:3: warning: [-Wname-shadowing]
    This binding for ‘loop’ shadows the existing binding
      defined at src/Pipes/Prelude.hs:607:1

src/Pipes/Prelude.hs:472:5: warning: [-Wname-shadowing]
    This binding for ‘loop’ shadows the existing binding
      defined at src/Pipes/Prelude.hs:607:1
[6 of 6] Compiling Pipes.Tutorial   ( src/Pipes/Tutorial.hs, .stack-work/dist/x86_64-osx/Cabal-1.24.0.0/build/Pipes/Tutorial.o )

src/Pipes/Tutorial.hs:95:1: warning: [-Wdeprecations]
    Module ‘Control.Monad.Trans.Error’ is deprecated:
      Use Control.Monad.Trans.Except instead
Installing library in
/Users/Iwan/.stack/snapshots/x86_64-osx/lts-7.1/8.0.1/lib/x86_64-osx-ghc-8.0.1/pipes-4.1.9-Ha68MM17n6YEJhTKl7104A
Registering pipes-4.1.9...
